<?xml version="1.0" encoding="UTF-8"?>
<testsuite xmlns:xsi="http://www.w3.org/2001/XMLSchema-instance" xsi:noNamespaceSchemaLocation="https://maven.apache.org/surefire/maven-surefire-plugin/xsd/surefire-test-report.xsd" name="TestSuite" time="104.269" tests="3" errors="0" skipped="0" failures="0">
  <properties>
    <property name="java.specification.version" value="17"/>
    <property name="sun.jnu.encoding" value="UTF-8"/>
    <property name="java.class.path" value="/Users/jasonvalladolid/eclipse-workspace/EbayProject/target/test-classes:/Users/jasonvalladolid/eclipse-workspace/EbayProject/target/classes:/Users/jasonvalladolid/.m2/repository/io/github/bonigarcia/webdrivermanager/3.8.1/webdrivermanager-3.8.1.jar:/Users/jasonvalladolid/.m2/repository/org/slf4j/slf4j-api/1.7.25/slf4j-api-1.7.25.jar:/Users/jasonvalladolid/.m2/repository/commons-io/commons-io/2.6/commons-io-2.6.jar:/Users/jasonvalladolid/.m2/repository/com/google/code/gson/gson/2.8.5/gson-2.8.5.jar:/Users/jasonvalladolid/.m2/repository/org/apache/commons/commons-lang3/3.8.1/commons-lang3-3.8.1.jar:/Users/jasonvalladolid/.m2/repository/org/apache/httpcomponents/httpclient/4.5.6/httpclient-4.5.6.jar:/Users/jasonvalladolid/.m2/repository/org/rauschig/jarchivelib/1.0.0/jarchivelib-1.0.0.jar:/Users/jasonvalladolid/.m2/repository/org/apache/commons/commons-compress/1.18/commons-compress-1.18.jar:/Users/jasonvalladolid/.m2/repository/org/jsoup/jsoup/1.11.3/jsoup-1.11.3.jar:/Users/jasonvalladolid/.m2/repository/info/cukes/cucumber-core/1.2.4/cucumber-core-1.2.4.jar:/Users/jasonvalladolid/.m2/repository/info/cukes/cucumber-html/0.2.3/cucumber-html-0.2.3.jar:/Users/jasonvalladolid/.m2/repository/info/cukes/cucumber-java/1.2.4/cucumber-java-1.2.4.jar:/Users/jasonvalladolid/.m2/repository/info/cukes/cucumber-testng/1.2.4/cucumber-testng-1.2.4.jar:/Users/jasonvalladolid/.m2/repository/info/cukes/gherkin/2.12.2/gherkin-2.12.2.jar:/Users/jasonvalladolid/.m2/repository/info/cukes/cucumber-jvm-deps/1.0.5/cucumber-jvm-deps-1.0.5.jar:/Users/jasonvalladolid/.m2/repository/io/qameta/allure/allure-testng/2.17.3/allure-testng-2.17.3.jar:/Users/jasonvalladolid/.m2/repository/io/qameta/allure/allure-java-commons/2.17.3/allure-java-commons-2.17.3.jar:/Users/jasonvalladolid/.m2/repository/io/qameta/allure/allure-model/2.17.3/allure-model-2.17.3.jar:/Users/jasonvalladolid/.m2/repository/io/qameta/allure/allure-test-filter/2.17.3/allure-test-filter-2.17.3.jar:/Users/jasonvalladolid/.m2/repository/org/seleniumhq/selenium/selenium-java/3.12.0/selenium-java-3.12.0.jar:/Users/jasonvalladolid/.m2/repository/org/seleniumhq/selenium/selenium-api/3.12.0/selenium-api-3.12.0.jar:/Users/jasonvalladolid/.m2/repository/org/seleniumhq/selenium/selenium-chrome-driver/3.12.0/selenium-chrome-driver-3.12.0.jar:/Users/jasonvalladolid/.m2/repository/org/seleniumhq/selenium/selenium-edge-driver/3.12.0/selenium-edge-driver-3.12.0.jar:/Users/jasonvalladolid/.m2/repository/org/seleniumhq/selenium/selenium-firefox-driver/3.12.0/selenium-firefox-driver-3.12.0.jar:/Users/jasonvalladolid/.m2/repository/org/seleniumhq/selenium/selenium-ie-driver/3.12.0/selenium-ie-driver-3.12.0.jar:/Users/jasonvalladolid/.m2/repository/org/seleniumhq/selenium/selenium-opera-driver/3.12.0/selenium-opera-driver-3.12.0.jar:/Users/jasonvalladolid/.m2/repository/org/seleniumhq/selenium/selenium-remote-driver/3.12.0/selenium-remote-driver-3.12.0.jar:/Users/jasonvalladolid/.m2/repository/org/seleniumhq/selenium/selenium-safari-driver/3.12.0/selenium-safari-driver-3.12.0.jar:/Users/jasonvalladolid/.m2/repository/org/seleniumhq/selenium/selenium-support/3.12.0/selenium-support-3.12.0.jar:/Users/jasonvalladolid/.m2/repository/net/bytebuddy/byte-buddy/1.8.3/byte-buddy-1.8.3.jar:/Users/jasonvalladolid/.m2/repository/org/apache/commons/commons-exec/1.3/commons-exec-1.3.jar:/Users/jasonvalladolid/.m2/repository/commons-codec/commons-codec/1.10/commons-codec-1.10.jar:/Users/jasonvalladolid/.m2/repository/commons-logging/commons-logging/1.2/commons-logging-1.2.jar:/Users/jasonvalladolid/.m2/repository/com/google/guava/guava/23.6-jre/guava-23.6-jre.jar:/Users/jasonvalladolid/.m2/repository/com/google/code/findbugs/jsr305/1.3.9/jsr305-1.3.9.jar:/Users/jasonvalladolid/.m2/repository/org/checkerframework/checker-compat-qual/2.0.0/checker-compat-qual-2.0.0.jar:/Users/jasonvalladolid/.m2/repository/com/google/errorprone/error_prone_annotations/2.1.3/error_prone_annotations-2.1.3.jar:/Users/jasonvalladolid/.m2/repository/com/google/j2objc/j2objc-annotations/1.1/j2objc-annotations-1.1.jar:/Users/jasonvalladolid/.m2/repository/org/codehaus/mojo/animal-sniffer-annotations/1.14/animal-sniffer-annotations-1.14.jar:/Users/jasonvalladolid/.m2/repository/org/apache/httpcomponents/httpcore/4.4.6/httpcore-4.4.6.jar:/Users/jasonvalladolid/.m2/repository/com/squareup/okhttp3/okhttp/3.9.1/okhttp-3.9.1.jar:/Users/jasonvalladolid/.m2/repository/com/squareup/okio/okio/1.13.0/okio-1.13.0.jar:/Users/jasonvalladolid/.m2/repository/org/testng/testng/6.8/testng-6.8.jar:/Users/jasonvalladolid/.m2/repository/junit/junit/4.10/junit-4.10.jar:/Users/jasonvalladolid/.m2/repository/org/hamcrest/hamcrest-core/1.1/hamcrest-core-1.1.jar:/Users/jasonvalladolid/.m2/repository/org/beanshell/bsh/2.0b4/bsh-2.0b4.jar:/Users/jasonvalladolid/.m2/repository/com/beust/jcommander/1.27/jcommander-1.27.jar:/Users/jasonvalladolid/.m2/repository/org/yaml/snakeyaml/1.6/snakeyaml-1.6.jar:/Users/jasonvalladolid/.m2/repository/com/aventstack/extentreports/3.1.5/extentreports-3.1.5.jar:/Users/jasonvalladolid/.m2/repository/org/freemarker/freemarker/2.3.23/freemarker-2.3.23.jar:/Users/jasonvalladolid/.m2/repository/org/mongodb/mongodb-driver/3.3.0/mongodb-driver-3.3.0.jar:/Users/jasonvalladolid/.m2/repository/org/mongodb/bson/3.3.0/bson-3.3.0.jar:/Users/jasonvalladolid/.m2/repository/org/mongodb/mongodb-driver-core/3.3.0/mongodb-driver-core-3.3.0.jar:/Users/jasonvalladolid/.m2/repository/org/apache/httpcomponents/httpmime/4.5.2/httpmime-4.5.2.jar:/Users/jasonvalladolid/.m2/repository/com/vimalselvam/cucumber-extentsreport/3.1.0/cucumber-extentsreport-3.1.0.jar:/Users/jasonvalladolid/.m2/repository/org/apache/poi/poi-ooxml/3.8-beta4/poi-ooxml-3.8-beta4.jar:/Users/jasonvalladolid/.m2/repository/org/apache/poi/poi/3.8-beta4/poi-3.8-beta4.jar:/Users/jasonvalladolid/.m2/repository/org/apache/poi/poi-ooxml-schemas/3.8-beta4/poi-ooxml-schemas-3.8-beta4.jar:/Users/jasonvalladolid/.m2/repository/org/apache/xmlbeans/xmlbeans/2.3.0/xmlbeans-2.3.0.jar:/Users/jasonvalladolid/.m2/repository/stax/stax-api/1.0.1/stax-api-1.0.1.jar:/Users/jasonvalladolid/.m2/repository/dom4j/dom4j/1.6.1/dom4j-1.6.1.jar:/Users/jasonvalladolid/.m2/repository/xml-apis/xml-apis/1.0.b2/xml-apis-1.0.b2.jar:/Users/jasonvalladolid/.m2/repository/org/codehaus/groovy/groovy-all/2.4.5/groovy-all-2.4.5.jar:/Users/jasonvalladolid/.m2/repository/org/hamcrest/hamcrest-all/1.3/hamcrest-all-1.3.jar:/Users/jasonvalladolid/.m2/repository/org/apache/maven/surefire/surefire-testng-utils/2.21.0/surefire-testng-utils-2.21.0.jar:/Users/jasonvalladolid/.m2/repository/org/apache/maven/surefire/surefire-grouper/2.21.0/surefire-grouper-2.21.0.jar:"/>
    <property name="java.vm.vendor" value="Oracle Corporation"/>
    <property name="sun.arch.data.model" value="64"/>
    <property name="java.vendor.url" value="https://java.oracle.com/"/>
    <property name="os.name" value="Mac OS X"/>
    <property name="java.vm.specification.version" value="17"/>
    <property name="sun.java.launcher" value="SUN_STANDARD"/>
    <property name="user.country" value="US"/>
    <property name="sun.boot.library.path" value="/Library/Java/JavaVirtualMachines/jdk-17.jdk/Contents/Home/lib"/>
    <property name="sun.java.command" value="/Users/jasonvalladolid/eclipse-workspace/EbayProject/target/surefire/surefirebooter8230977644394763908.jar /Users/jasonvalladolid/eclipse-workspace/EbayProject/target/surefire 2023-07-07T15-23-28_841-jvmRun1 surefire3596114011966475103tmp surefire_012564290180666311084tmp"/>
    <property name="http.nonProxyHosts" value="local|*.local|169.254/16|*.169.254/16"/>
    <property name="jdk.debug" value="release"/>
    <property name="surefire.test.class.path" value="/Users/jasonvalladolid/eclipse-workspace/EbayProject/target/test-classes:/Users/jasonvalladolid/eclipse-workspace/EbayProject/target/classes:/Users/jasonvalladolid/.m2/repository/io/github/bonigarcia/webdrivermanager/3.8.1/webdrivermanager-3.8.1.jar:/Users/jasonvalladolid/.m2/repository/org/slf4j/slf4j-api/1.7.25/slf4j-api-1.7.25.jar:/Users/jasonvalladolid/.m2/repository/commons-io/commons-io/2.6/commons-io-2.6.jar:/Users/jasonvalladolid/.m2/repository/com/google/code/gson/gson/2.8.5/gson-2.8.5.jar:/Users/jasonvalladolid/.m2/repository/org/apache/commons/commons-lang3/3.8.1/commons-lang3-3.8.1.jar:/Users/jasonvalladolid/.m2/repository/org/apache/httpcomponents/httpclient/4.5.6/httpclient-4.5.6.jar:/Users/jasonvalladolid/.m2/repository/org/rauschig/jarchivelib/1.0.0/jarchivelib-1.0.0.jar:/Users/jasonvalladolid/.m2/repository/org/apache/commons/commons-compress/1.18/commons-compress-1.18.jar:/Users/jasonvalladolid/.m2/repository/org/jsoup/jsoup/1.11.3/jsoup-1.11.3.jar:/Users/jasonvalladolid/.m2/repository/info/cukes/cucumber-core/1.2.4/cucumber-core-1.2.4.jar:/Users/jasonvalladolid/.m2/repository/info/cukes/cucumber-html/0.2.3/cucumber-html-0.2.3.jar:/Users/jasonvalladolid/.m2/repository/info/cukes/cucumber-java/1.2.4/cucumber-java-1.2.4.jar:/Users/jasonvalladolid/.m2/repository/info/cukes/cucumber-testng/1.2.4/cucumber-testng-1.2.4.jar:/Users/jasonvalladolid/.m2/repository/info/cukes/gherkin/2.12.2/gherkin-2.12.2.jar:/Users/jasonvalladolid/.m2/repository/info/cukes/cucumber-jvm-deps/1.0.5/cucumber-jvm-deps-1.0.5.jar:/Users/jasonvalladolid/.m2/repository/io/qameta/allure/allure-testng/2.17.3/allure-testng-2.17.3.jar:/Users/jasonvalladolid/.m2/repository/io/qameta/allure/allure-java-commons/2.17.3/allure-java-commons-2.17.3.jar:/Users/jasonvalladolid/.m2/repository/io/qameta/allure/allure-model/2.17.3/allure-model-2.17.3.jar:/Users/jasonvalladolid/.m2/repository/io/qameta/allure/allure-test-filter/2.17.3/allure-test-filter-2.17.3.jar:/Users/jasonvalladolid/.m2/repository/org/seleniumhq/selenium/selenium-java/3.12.0/selenium-java-3.12.0.jar:/Users/jasonvalladolid/.m2/repository/org/seleniumhq/selenium/selenium-api/3.12.0/selenium-api-3.12.0.jar:/Users/jasonvalladolid/.m2/repository/org/seleniumhq/selenium/selenium-chrome-driver/3.12.0/selenium-chrome-driver-3.12.0.jar:/Users/jasonvalladolid/.m2/repository/org/seleniumhq/selenium/selenium-edge-driver/3.12.0/selenium-edge-driver-3.12.0.jar:/Users/jasonvalladolid/.m2/repository/org/seleniumhq/selenium/selenium-firefox-driver/3.12.0/selenium-firefox-driver-3.12.0.jar:/Users/jasonvalladolid/.m2/repository/org/seleniumhq/selenium/selenium-ie-driver/3.12.0/selenium-ie-driver-3.12.0.jar:/Users/jasonvalladolid/.m2/repository/org/seleniumhq/selenium/selenium-opera-driver/3.12.0/selenium-opera-driver-3.12.0.jar:/Users/jasonvalladolid/.m2/repository/org/seleniumhq/selenium/selenium-remote-driver/3.12.0/selenium-remote-driver-3.12.0.jar:/Users/jasonvalladolid/.m2/repository/org/seleniumhq/selenium/selenium-safari-driver/3.12.0/selenium-safari-driver-3.12.0.jar:/Users/jasonvalladolid/.m2/repository/org/seleniumhq/selenium/selenium-support/3.12.0/selenium-support-3.12.0.jar:/Users/jasonvalladolid/.m2/repository/net/bytebuddy/byte-buddy/1.8.3/byte-buddy-1.8.3.jar:/Users/jasonvalladolid/.m2/repository/org/apache/commons/commons-exec/1.3/commons-exec-1.3.jar:/Users/jasonvalladolid/.m2/repository/commons-codec/commons-codec/1.10/commons-codec-1.10.jar:/Users/jasonvalladolid/.m2/repository/commons-logging/commons-logging/1.2/commons-logging-1.2.jar:/Users/jasonvalladolid/.m2/repository/com/google/guava/guava/23.6-jre/guava-23.6-jre.jar:/Users/jasonvalladolid/.m2/repository/com/google/code/findbugs/jsr305/1.3.9/jsr305-1.3.9.jar:/Users/jasonvalladolid/.m2/repository/org/checkerframework/checker-compat-qual/2.0.0/checker-compat-qual-2.0.0.jar:/Users/jasonvalladolid/.m2/repository/com/google/errorprone/error_prone_annotations/2.1.3/error_prone_annotations-2.1.3.jar:/Users/jasonvalladolid/.m2/repository/com/google/j2objc/j2objc-annotations/1.1/j2objc-annotations-1.1.jar:/Users/jasonvalladolid/.m2/repository/org/codehaus/mojo/animal-sniffer-annotations/1.14/animal-sniffer-annotations-1.14.jar:/Users/jasonvalladolid/.m2/repository/org/apache/httpcomponents/httpcore/4.4.6/httpcore-4.4.6.jar:/Users/jasonvalladolid/.m2/repository/com/squareup/okhttp3/okhttp/3.9.1/okhttp-3.9.1.jar:/Users/jasonvalladolid/.m2/repository/com/squareup/okio/okio/1.13.0/okio-1.13.0.jar:/Users/jasonvalladolid/.m2/repository/org/testng/testng/6.8/testng-6.8.jar:/Users/jasonvalladolid/.m2/repository/junit/junit/4.10/junit-4.10.jar:/Users/jasonvalladolid/.m2/repository/org/hamcrest/hamcrest-core/1.1/hamcrest-core-1.1.jar:/Users/jasonvalladolid/.m2/repository/org/beanshell/bsh/2.0b4/bsh-2.0b4.jar:/Users/jasonvalladolid/.m2/repository/com/beust/jcommander/1.27/jcommander-1.27.jar:/Users/jasonvalladolid/.m2/repository/org/yaml/snakeyaml/1.6/snakeyaml-1.6.jar:/Users/jasonvalladolid/.m2/repository/com/aventstack/extentreports/3.1.5/extentreports-3.1.5.jar:/Users/jasonvalladolid/.m2/repository/org/freemarker/freemarker/2.3.23/freemarker-2.3.23.jar:/Users/jasonvalladolid/.m2/repository/org/mongodb/mongodb-driver/3.3.0/mongodb-driver-3.3.0.jar:/Users/jasonvalladolid/.m2/repository/org/mongodb/bson/3.3.0/bson-3.3.0.jar:/Users/jasonvalladolid/.m2/repository/org/mongodb/mongodb-driver-core/3.3.0/mongodb-driver-core-3.3.0.jar:/Users/jasonvalladolid/.m2/repository/org/apache/httpcomponents/httpmime/4.5.2/httpmime-4.5.2.jar:/Users/jasonvalladolid/.m2/repository/com/vimalselvam/cucumber-extentsreport/3.1.0/cucumber-extentsreport-3.1.0.jar:/Users/jasonvalladolid/.m2/repository/org/apache/poi/poi-ooxml/3.8-beta4/poi-ooxml-3.8-beta4.jar:/Users/jasonvalladolid/.m2/repository/org/apache/poi/poi/3.8-beta4/poi-3.8-beta4.jar:/Users/jasonvalladolid/.m2/repository/org/apache/poi/poi-ooxml-schemas/3.8-beta4/poi-ooxml-schemas-3.8-beta4.jar:/Users/jasonvalladolid/.m2/repository/org/apache/xmlbeans/xmlbeans/2.3.0/xmlbeans-2.3.0.jar:/Users/jasonvalladolid/.m2/repository/stax/stax-api/1.0.1/stax-api-1.0.1.jar:/Users/jasonvalladolid/.m2/repository/dom4j/dom4j/1.6.1/dom4j-1.6.1.jar:/Users/jasonvalladolid/.m2/repository/xml-apis/xml-apis/1.0.b2/xml-apis-1.0.b2.jar:/Users/jasonvalladolid/.m2/repository/org/codehaus/groovy/groovy-all/2.4.5/groovy-all-2.4.5.jar:/Users/jasonvalladolid/.m2/repository/org/hamcrest/hamcrest-all/1.3/hamcrest-all-1.3.jar:/Users/jasonvalladolid/.m2/repository/org/apache/maven/surefire/surefire-testng-utils/2.21.0/surefire-testng-utils-2.21.0.jar:/Users/jasonvalladolid/.m2/repository/org/apache/maven/surefire/surefire-grouper/2.21.0/surefire-grouper-2.21.0.jar:"/>
    <property name="sun.cpu.endian" value="little"/>
    <property name="user.home" value="/Users/jasonvalladolid"/>
    <property name="user.language" value="en"/>
    <property name="java.specification.vendor" value="Oracle Corporation"/>
    <property name="java.version.date" value="2021-09-14"/>
    <property name="java.home" value="/Library/Java/JavaVirtualMachines/jdk-17.jdk/Contents/Home"/>
    <property name="file.separator" value="/"/>
    <property name="basedir" value="/Users/jasonvalladolid/eclipse-workspace/EbayProject"/>
    <property name="java.vm.compressedOopsMode" value="Zero based"/>
    <property name="line.separator" value="&#10;"/>
    <property name="java.specification.name" value="Java Platform API Specification"/>
    <property name="java.vm.specification.vendor" value="Oracle Corporation"/>
    <property name="surefire.real.class.path" value="/Users/jasonvalladolid/eclipse-workspace/EbayProject/target/surefire/surefirebooter8230977644394763908.jar"/>
    <property name="sun.management.compiler" value="HotSpot 64-Bit Tiered Compilers"/>
    <property name="ftp.nonProxyHosts" value="local|*.local|169.254/16|*.169.254/16"/>
    <property name="java.runtime.version" value="17+35-LTS-2724"/>
    <property name="user.name" value="jasonvalladolid"/>
    <property name="path.separator" value=":"/>
    <property name="os.version" value="13.0.1"/>
    <property name="java.runtime.name" value="Java(TM) SE Runtime Environment"/>
    <property name="file.encoding" value="UTF-8"/>
    <property name="java.vm.name" value="Java HotSpot(TM) 64-Bit Server VM"/>
    <property name="localRepository" value="/Users/jasonvalladolid/.m2/repository"/>
    <property name="java.vendor.url.bug" value="https://bugreport.java.com/bugreport/"/>
    <property name="java.io.tmpdir" value="/var/folders/hc/nz42wzr10dd71lsl6bxxt4m80000gn/T/"/>
    <property name="java.version" value="17"/>
    <property name="user.dir" value="/Users/jasonvalladolid/eclipse-workspace/EbayProject"/>
    <property name="os.arch" value="x86_64"/>
    <property name="java.vm.specification.name" value="Java Virtual Machine Specification"/>
    <property name="native.encoding" value="UTF-8"/>
    <property name="java.library.path" value="/Users/jasonvalladolid/Library/Java/Extensions:/Library/Java/Extensions:/Network/Library/Java/Extensions:/System/Library/Java/Extensions:/usr/lib/java:."/>
    <property name="java.vm.info" value="mixed mode, sharing"/>
    <property name="java.vendor" value="Oracle Corporation"/>
    <property name="java.vm.version" value="17+35-LTS-2724"/>
    <property name="sun.io.unicode.encoding" value="UnicodeBig"/>
    <property name="socksNonProxyHosts" value="local|*.local|169.254/16|*.169.254/16"/>
    <property name="java.class.version" value="61.0"/>
  </properties>
  <testcase name="feature" classname="com.ebay.runner.RunnerClass" time="22.782"/>
  <testcase name="feature" classname="com.ebay.runner.RunnerClass" time="63.114"/>
  <testcase name="feature" classname="com.ebay.runner.RunnerClass" time="17.034"/>
</testsuite>