<?xml version="1.0" encoding="UTF-8"?>
<!-- Generated by org.testng.reporters.JUnitReportReporter -->
<testsuite hostname="Jasons-Air.lan" failures="0" tests="3" name="com.ebay.runner.RunnerClass" time="102.926" errors="0" timestamp="7 Jul 2023 19:25:13 GMT">
  <testcase classname="com.ebay.runner.RunnerClass" name="feature" time="63.115"/>
  <testcase classname="com.ebay.runner.RunnerClass" name="feature" time="22.776"/>
  <testcase classname="com.ebay.runner.RunnerClass" name="feature" time="17.035"/>
</testsuite> <!-- com.ebay.runner.RunnerClass -->
